<?xml version="1.0" encoding="UTF-8"?>
<testng-results skipped="0" failed="0" ignored="0" total="1" passed="1">
  <reporter-output>
  </reporter-output>
  <suite name="Default suite" duration-ms="136541" started-at="2018-02-28T15:16:29Z" finished-at="2018-02-28T15:18:45Z">
    <groups>
    </groups>
    <test name="Default test" duration-ms="136541" started-at="2018-02-28T15:16:29Z" finished-at="2018-02-28T15:18:45Z">
      <class name="frameworkLibrary.Exec">
        <test-method status="PASS" signature="executeBefore()[pri:0, instance:frameworkLibrary.Exec@28ac3dc3]" name="executeBefore" is-config="true" duration-ms="2738" started-at="2018-02-28T20:46:29Z" finished-at="2018-02-28T20:46:32Z">
          <reporter-output>
          </reporter-output>
        </test-method> <!-- executeBefore -->
        <test-method status="PASS" signature="execute()[pri:0, instance:frameworkLibrary.Exec@28ac3dc3]" name="execute" duration-ms="133771" started-at="2018-02-28T20:46:32Z" finished-at="2018-02-28T20:48:45Z">
          <reporter-output>
          </reporter-output>
        </test-method> <!-- execute -->
        <test-method status="PASS" signature="sendMail()[pri:0, instance:frameworkLibrary.Exec@28ac3dc3]" name="sendMail" is-config="true" duration-ms="0" started-at="2018-02-28T20:48:45Z" finished-at="2018-02-28T20:48:45Z">
          <reporter-output>
          </reporter-output>
        </test-method> <!-- sendMail -->
      </class> <!-- frameworkLibrary.Exec -->
    </test> <!-- Default test -->
  </suite> <!-- Default suite -->
</testng-results>
