<?xml version="1.0" encoding="UTF-8"?>
<testng-results skipped="0" failed="0" ignored="0" total="1" passed="1">
  <reporter-output>
    <line>
      <![CDATA[<a  href=Screenshots_Output/webApp_Web_Windows_Chrome_fail_28-Feb-2018__03_30_05PM/testt-28-Feb-2018__03_38_42PM.jpg><p style="background-color:Tomato;">Failed Screenshot :: webApp_Web_Windows_Chrome_fail_28-Feb-2018__03_30_05PM/testt-28-Feb-2018__03_38_42PM.jpg</p></a>]]>
    </line>
    <line>
      <![CDATA[<html><body><img src=file://C:\Users\Prasanna\Documents\HybridAutomationFramework/test-output/html/Screenshots_Output/webApp_Web_Windows_Chrome_fail_28-Feb-2018__03_30_05PM/testt-28-Feb-2018__03_38_42PM.jpg alt=Filed Screenshot width="500" height="300"></body></html>]]>
    </line>
  </reporter-output>
  <suite name="Default suite" duration-ms="524988" started-at="2018-02-28T09:59:59Z" finished-at="2018-02-28T10:08:44Z">
    <groups>
    </groups>
    <test name="Default test" duration-ms="524988" started-at="2018-02-28T09:59:59Z" finished-at="2018-02-28T10:08:44Z">
      <class name="frameworkLibrary.Exec">
        <test-method status="PASS" signature="executeBefore()[pri:0, instance:frameworkLibrary.Exec@4e718207]" name="executeBefore" is-config="true" duration-ms="5129" started-at="2018-02-28T15:29:59Z" finished-at="2018-02-28T15:30:04Z">
          <reporter-output>
          </reporter-output>
        </test-method> <!-- executeBefore -->
        <test-method status="PASS" signature="execute()[pri:0, instance:frameworkLibrary.Exec@4e718207]" name="execute" duration-ms="519749" started-at="2018-02-28T15:30:04Z" finished-at="2018-02-28T15:38:44Z">
          <reporter-output>
          </reporter-output>
        </test-method> <!-- execute -->
        <test-method status="PASS" signature="sendMail()[pri:0, instance:frameworkLibrary.Exec@4e718207]" name="sendMail" is-config="true" duration-ms="0" started-at="2018-02-28T15:38:44Z" finished-at="2018-02-28T15:38:44Z">
          <reporter-output>
          </reporter-output>
        </test-method> <!-- sendMail -->
      </class> <!-- frameworkLibrary.Exec -->
    </test> <!-- Default test -->
  </suite> <!-- Default suite -->
</testng-results>
